<?xml version="1.0" encoding="UTF-8"?>
<testsuite name="com.bilgeadam.banking.account_service.AccountServiceApplicationTests" tests="1" skipped="0" failures="0" errors="0" timestamp="2024-08-08T14:20:57" hostname="DESKTOP-V5LJ1GG" time="0.384">
  <properties/>
  <testcase name="contextLoads()" classname="com.bilgeadam.banking.account_service.AccountServiceApplicationTests" time="0.384"/>
  <system-out><![CDATA[17:20:52.520 [Test worker] INFO org.springframework.test.context.support.AnnotationConfigContextLoaderUtils -- Could not detect default configuration classes for test class [com.bilgeadam.banking.account_service.AccountServiceApplicationTests]: AccountServiceApplicationTests does not declare any static, non-private, non-final, nested classes annotated with @Configuration.
17:20:52.610 [Test worker] INFO org.springframework.boot.test.context.SpringBootTestContextBootstrapper -- Found @SpringBootConfiguration com.bilgeadam.banking.account_service.AccountServiceApplication for test class com.bilgeadam.banking.account_service.AccountServiceApplicationTests

  .   ____          _            __ _ _
 /\\ / ___'_ __ _ _(_)_ __  __ _ \ \ \ \
( ( )\___ | '_ | '_| | '_ \/ _` | \ \ \ \
 \\/  ___)| |_)| | | | | || (_| |  ) ) ) )
  '  |____| .__|_| |_|_| |_\__, | / / / /
 =========|_|==============|___/=/_/_/_/

 :: Spring Boot ::                (v3.3.2)

2024-08-08T17:20:53.097+03:00  INFO 3644 --- [account-service] [    Test worker] c.b.b.a.AccountServiceApplicationTests   : Starting AccountServiceApplicationTests using Java 22 with PID 3644 (started by aliih in C:\Users\aliih\OneDrive\Masaüstü\Core-Banking-System\account-service)
2024-08-08T17:20:53.099+03:00  INFO 3644 --- [account-service] [    Test worker] c.b.b.a.AccountServiceApplicationTests   : No active profile set, falling back to 1 default profile: "default"
2024-08-08T17:20:53.910+03:00  INFO 3644 --- [account-service] [    Test worker] .s.d.r.c.RepositoryConfigurationDelegate : Multiple Spring Data modules found, entering strict repository configuration mode
2024-08-08T17:20:53.912+03:00  INFO 3644 --- [account-service] [    Test worker] .s.d.r.c.RepositoryConfigurationDelegate : Bootstrapping Spring Data JDBC repositories in DEFAULT mode.
2024-08-08T17:20:53.944+03:00  INFO 3644 --- [account-service] [    Test worker] .RepositoryConfigurationExtensionSupport : Spring Data JDBC - Could not safely identify store assignment for repository candidate interface com.bilgeadam.banking.account_service.repository.AccountRepository; If you want this repository to be a JDBC repository, consider annotating your entities with one of these annotations: org.springframework.data.relational.core.mapping.Table.
2024-08-08T17:20:53.945+03:00  INFO 3644 --- [account-service] [    Test worker] .s.d.r.c.RepositoryConfigurationDelegate : Finished Spring Data repository scanning in 21 ms. Found 0 JDBC repository interfaces.
2024-08-08T17:20:53.962+03:00  INFO 3644 --- [account-service] [    Test worker] .s.d.r.c.RepositoryConfigurationDelegate : Multiple Spring Data modules found, entering strict repository configuration mode
2024-08-08T17:20:53.963+03:00  INFO 3644 --- [account-service] [    Test worker] .s.d.r.c.RepositoryConfigurationDelegate : Bootstrapping Spring Data JPA repositories in DEFAULT mode.
2024-08-08T17:20:53.999+03:00  INFO 3644 --- [account-service] [    Test worker] .s.d.r.c.RepositoryConfigurationDelegate : Finished Spring Data repository scanning in 29 ms. Found 1 JPA repository interface.
2024-08-08T17:20:54.599+03:00  INFO 3644 --- [account-service] [    Test worker] o.f.c.internal.license.VersionPrinter    : Flyway Community Edition 9.1.1 by Redgate
2024-08-08T17:20:54.600+03:00  INFO 3644 --- [account-service] [    Test worker] o.f.c.internal.license.VersionPrinter    : See what's new here: https://flywaydb.org/documentation/learnmore/releaseNotes#9.1.1
2024-08-08T17:20:54.600+03:00  INFO 3644 --- [account-service] [    Test worker] o.f.c.internal.license.VersionPrinter    : 
2024-08-08T17:20:54.602+03:00 DEBUG 3644 --- [account-service] [    Test worker] o.f.core.internal.util.FeatureDetector   : AWS SDK available: false
2024-08-08T17:20:54.603+03:00 DEBUG 3644 --- [account-service] [    Test worker] o.f.core.internal.util.FeatureDetector   : Google Cloud Storage available: false
2024-08-08T17:20:54.603+03:00 DEBUG 3644 --- [account-service] [    Test worker] o.f.c.i.s.classpath.ClassPathScanner     : Scanning for classpath resources at 'classpath:db/callback' ...
2024-08-08T17:20:54.603+03:00 DEBUG 3644 --- [account-service] [    Test worker] o.f.c.i.s.classpath.ClassPathScanner     : Determining location urls for classpath:db/callback using ClassLoader jdk.internal.loader.ClassLoaders$AppClassLoader@70dea4e ...
2024-08-08T17:20:54.604+03:00 DEBUG 3644 --- [account-service] [    Test worker] o.f.c.i.s.classpath.ClassPathScanner     : Unable to resolve location classpath:db/callback.
2024-08-08T17:20:54.604+03:00 DEBUG 3644 --- [account-service] [    Test worker] o.f.c.i.s.classpath.ClassPathScanner     : Scanning for classpath resources at 'classpath:db/migration' ...
2024-08-08T17:20:54.604+03:00 DEBUG 3644 --- [account-service] [    Test worker] o.f.c.i.s.classpath.ClassPathScanner     : Determining location urls for classpath:db/migration using ClassLoader jdk.internal.loader.ClassLoaders$AppClassLoader@70dea4e ...
2024-08-08T17:20:54.604+03:00 DEBUG 3644 --- [account-service] [    Test worker] o.f.c.i.s.classpath.ClassPathScanner     : Scanning URL: file:/C:/Users/aliih/OneDrive/Masa%c3%bcst%c3%bc/Core-Banking-System/account-service/build/resources/main/db/migration
2024-08-08T17:20:54.604+03:00 DEBUG 3644 --- [account-service] [    Test worker] o.f.core.internal.util.FeatureDetector   : JBoss VFS v2 available: false
2024-08-08T17:20:54.605+03:00 DEBUG 3644 --- [account-service] [    Test worker] i.s.c.FileSystemClassPathLocationScanner : Scanning starting at classpath root in filesystem: C:\Users\aliih\OneDrive\Masaüstü\Core-Banking-System\account-service\build\resources\main\
2024-08-08T17:20:54.606+03:00 DEBUG 3644 --- [account-service] [    Test worker] i.s.c.FileSystemClassPathLocationScanner : Scanning for resources in path: C:\Users\aliih\OneDrive\Masaüstü\Core-Banking-System\account-service\build\resources\main\db\migration (db/migration)
2024-08-08T17:20:54.608+03:00 DEBUG 3644 --- [account-service] [    Test worker] o.f.c.i.s.classpath.ClassPathScanner     : Found resource: db/migration/V1__create_account_database.sql
2024-08-08T17:20:54.608+03:00 DEBUG 3644 --- [account-service] [    Test worker] o.f.c.i.s.classpath.ClassPathScanner     : Scanning for classes at classpath:db/migration
2024-08-08T17:20:54.612+03:00 DEBUG 3644 --- [account-service] [    Test worker] o.f.c.i.resource.ResourceNameValidator   : Validating V1__create_account_database.sql
2024-08-08T17:20:54.853+03:00  INFO 3644 --- [account-service] [    Test worker] o.f.c.i.database.base.BaseDatabaseType   : Database: jdbc:postgresql://localhost:5432/postgres (PostgreSQL 16.3)
2024-08-08T17:20:54.854+03:00 DEBUG 3644 --- [account-service] [    Test worker] o.f.c.i.database.base.BaseDatabaseType   : Driver  : PostgreSQL JDBC Driver 42.7.3
2024-08-08T17:20:54.857+03:00 DEBUG 3644 --- [account-service] [    Test worker] org.flywaydb.core.FlywayExecutor         : DDL Transactions Supported: true
2024-08-08T17:20:54.859+03:00 DEBUG 3644 --- [account-service] [    Test worker] o.f.c.i.s.SchemaHistoryFactory           : Schemas: 
2024-08-08T17:20:54.859+03:00 DEBUG 3644 --- [account-service] [    Test worker] o.f.c.i.s.SchemaHistoryFactory           : Default schema: null
2024-08-08T17:20:54.872+03:00  WARN 3644 --- [account-service] [    Test worker] o.f.c.internal.database.base.Database    : Flyway upgrade recommended: PostgreSQL 16.3 is newer than this version of Flyway and support has not been tested. The latest supported version of PostgreSQL is 14.
2024-08-08T17:20:54.874+03:00 DEBUG 3644 --- [account-service] [    Test worker] o.f.c.i.c.SqlScriptCallbackFactory       : Scanning for SQL callbacks ...
2024-08-08T17:20:54.884+03:00 DEBUG 3644 --- [account-service] [    Test worker] o.f.core.internal.command.DbValidate     : Validating migrations ...
2024-08-08T17:20:54.895+03:00 DEBUG 3644 --- [account-service] [    Test worker] o.f.core.internal.scanner.Scanner        : Filtering out resource: db/migration/V1__create_account_database.sql (filename: V1__create_account_database.sql)
2024-08-08T17:20:54.904+03:00  INFO 3644 --- [account-service] [    Test worker] o.f.core.internal.command.DbValidate     : Successfully validated 1 migration (execution time 00:00.018s)
2024-08-08T17:20:54.914+03:00 DEBUG 3644 --- [account-service] [    Test worker] o.f.core.internal.command.DbSchemas      : Skipping creation of existing schema: "public"
2024-08-08T17:20:54.921+03:00  INFO 3644 --- [account-service] [    Test worker] o.f.c.i.s.JdbcTableSchemaHistory         : Creating Schema History table "public"."flyway_schema_history" ...
2024-08-08T17:20:54.924+03:00 DEBUG 3644 --- [account-service] [    Test worker] o.flywaydb.core.internal.parser.Parser   : Parsing  ...
2024-08-08T17:20:54.929+03:00 DEBUG 3644 --- [account-service] [    Test worker] o.f.c.i.sqlscript.ParserSqlScript        : Found statement at line 1: CREATE TABLE "public"."flyway_schema_history" (
    "installed_rank" INT NOT NULL,
    "version" VARCHAR(50),
    "description" VARCHAR(200) NOT NULL,
    "type" VARCHAR(20) NOT NULL,
    "script" VARCHAR(1000) NOT NULL,
    "checksum" INTEGER,
    "installed_by" VARCHAR(100) NOT NULL,
    "installed_on" TIMESTAMP NOT NULL DEFAULT now(),
    "execution_time" INTEGER NOT NULL,
    "success" BOOLEAN NOT NULL
)
2024-08-08T17:20:54.929+03:00 DEBUG 3644 --- [account-service] [    Test worker] o.f.c.i.sqlscript.ParserSqlScript        : Found statement at line 13: ALTER TABLE "public"."flyway_schema_history" ADD CONSTRAINT "flyway_schema_history_pk" PRIMARY KEY ("installed_rank")
2024-08-08T17:20:54.929+03:00 DEBUG 3644 --- [account-service] [    Test worker] o.f.c.i.sqlscript.ParserSqlScript        : Found statement at line 14: CREATE INDEX "flyway_schema_history_s_idx" ON "public"."flyway_schema_history" ("success")
2024-08-08T17:20:54.931+03:00 DEBUG 3644 --- [account-service] [    Test worker] o.f.c.i.s.DefaultSqlScriptExecutor       : Executing SQL: CREATE TABLE "public"."flyway_schema_history" (
    "installed_rank" INT NOT NULL,
    "version" VARCHAR(50),
    "description" VARCHAR(200) NOT NULL,
    "type" VARCHAR(20) NOT NULL,
    "script" VARCHAR(1000) NOT NULL,
    "checksum" INTEGER,
    "installed_by" VARCHAR(100) NOT NULL,
    "installed_on" TIMESTAMP NOT NULL DEFAULT now(),
    "execution_time" INTEGER NOT NULL,
    "success" BOOLEAN NOT NULL
)
2024-08-08T17:20:54.943+03:00 DEBUG 3644 --- [account-service] [    Test worker] o.f.c.i.s.DefaultSqlScriptExecutor       : 0 rows affected
2024-08-08T17:20:54.943+03:00 DEBUG 3644 --- [account-service] [    Test worker] o.f.c.i.s.DefaultSqlScriptExecutor       : Executing SQL: ALTER TABLE "public"."flyway_schema_history" ADD CONSTRAINT "flyway_schema_history_pk" PRIMARY KEY ("installed_rank")
2024-08-08T17:20:54.953+03:00 DEBUG 3644 --- [account-service] [    Test worker] o.f.c.i.s.DefaultSqlScriptExecutor       : 0 rows affected
2024-08-08T17:20:54.953+03:00 DEBUG 3644 --- [account-service] [    Test worker] o.f.c.i.s.DefaultSqlScriptExecutor       : Executing SQL: CREATE INDEX "flyway_schema_history_s_idx" ON "public"."flyway_schema_history" ("success")
2024-08-08T17:20:54.962+03:00 DEBUG 3644 --- [account-service] [    Test worker] o.f.c.i.s.DefaultSqlScriptExecutor       : 0 rows affected
2024-08-08T17:20:54.962+03:00 DEBUG 3644 --- [account-service] [    Test worker] o.f.c.i.s.JdbcTableSchemaHistory         : Created Schema History table "public"."flyway_schema_history"
2024-08-08T17:20:55.025+03:00  INFO 3644 --- [account-service] [    Test worker] o.f.core.internal.command.DbMigrate      : Current version of schema "public": << Empty Schema >>
2024-08-08T17:20:55.025+03:00 DEBUG 3644 --- [account-service] [    Test worker] o.flywaydb.core.internal.parser.Parser   : Parsing V1__create_account_database.sql ...
2024-08-08T17:20:55.026+03:00 DEBUG 3644 --- [account-service] [    Test worker] o.f.c.i.sqlscript.ParserSqlScript        : Found statement at line 1: CREATE DATABASE account [non-transactional]
2024-08-08T17:20:55.028+03:00 DEBUG 3644 --- [account-service] [    Test worker] o.f.core.internal.command.DbMigrate      : Starting migration of schema "public" to version "1 - create account database" [non-transactional] ...
2024-08-08T17:20:55.033+03:00  INFO 3644 --- [account-service] [    Test worker] o.f.core.internal.command.DbMigrate      : Migrating schema "public" to version "1 - create account database" [non-transactional]
2024-08-08T17:20:55.036+03:00 DEBUG 3644 --- [account-service] [    Test worker] o.f.c.i.s.DefaultSqlScriptExecutor       : Executing SQL: CREATE DATABASE account
2024-08-08T17:20:55.081+03:00 DEBUG 3644 --- [account-service] [    Test worker] o.f.c.i.s.DefaultSqlScriptExecutor       : 0 rows affected
2024-08-08T17:20:55.081+03:00 DEBUG 3644 --- [account-service] [    Test worker] o.f.core.internal.command.DbMigrate      : Successfully completed migration of schema "public" to version "1 - create account database" [non-transactional]
2024-08-08T17:20:55.088+03:00 DEBUG 3644 --- [account-service] [    Test worker] o.f.c.i.s.JdbcTableSchemaHistory         : Schema History table "public"."flyway_schema_history" successfully updated to reflect changes
2024-08-08T17:20:55.099+03:00  INFO 3644 --- [account-service] [    Test worker] o.f.core.internal.command.DbMigrate      : Successfully applied 1 migration to schema "public", now at version v1 (execution time 00:00.087s)
2024-08-08T17:20:55.104+03:00 DEBUG 3644 --- [account-service] [    Test worker] org.flywaydb.core.FlywayExecutor         : Memory usage: 22 of 50M
2024-08-08T17:20:55.266+03:00  INFO 3644 --- [account-service] [    Test worker] o.hibernate.jpa.internal.util.LogHelper  : HHH000204: Processing PersistenceUnitInfo [name: default]
2024-08-08T17:20:55.371+03:00  INFO 3644 --- [account-service] [    Test worker] org.hibernate.Version                    : HHH000412: Hibernate ORM core version 6.5.2.Final
2024-08-08T17:20:55.415+03:00  INFO 3644 --- [account-service] [    Test worker] o.h.c.internal.RegionFactoryInitiator    : HHH000026: Second-level cache disabled
2024-08-08T17:20:55.770+03:00  INFO 3644 --- [account-service] [    Test worker] o.s.o.j.p.SpringPersistenceUnitInfo      : No LoadTimeWeaver setup: ignoring JPA class transformer
2024-08-08T17:20:55.800+03:00  INFO 3644 --- [account-service] [    Test worker] com.zaxxer.hikari.HikariDataSource       : HikariPool-1 - Starting...
2024-08-08T17:20:55.827+03:00  INFO 3644 --- [account-service] [    Test worker] com.zaxxer.hikari.pool.HikariPool        : HikariPool-1 - Added connection org.postgresql.jdbc.PgConnection@2f6e92ca
2024-08-08T17:20:55.829+03:00  INFO 3644 --- [account-service] [    Test worker] com.zaxxer.hikari.HikariDataSource       : HikariPool-1 - Start completed.
2024-08-08T17:20:55.858+03:00  WARN 3644 --- [account-service] [    Test worker] org.hibernate.orm.deprecation            : HHH90000025: PostgreSQLDialect does not need to be specified explicitly using 'hibernate.dialect' (remove the property setting and it will be selected by default)
2024-08-08T17:20:56.663+03:00  INFO 3644 --- [account-service] [    Test worker] o.h.e.t.j.p.i.JtaPlatformInitiator       : HHH000489: No JTA platform available (set 'hibernate.transaction.jta.platform' to enable JTA platform integration)
2024-08-08T17:20:56.666+03:00  INFO 3644 --- [account-service] [    Test worker] j.LocalContainerEntityManagerFactoryBean : Initialized JPA EntityManagerFactory for persistence unit 'default'
2024-08-08T17:20:56.800+03:00  WARN 3644 --- [account-service] [    Test worker] JpaBaseConfiguration$JpaWebConfiguration : spring.jpa.open-in-view is enabled by default. Therefore, database queries may be performed during view rendering. Explicitly configure spring.jpa.open-in-view to disable this warning
2024-08-08T17:20:57.872+03:00  INFO 3644 --- [account-service] [    Test worker] c.b.b.a.AccountServiceApplicationTests   : Started AccountServiceApplicationTests in 5.1 seconds (process running for 6.245)
]]></system-out>
  <system-err><![CDATA[WARNING: A Java agent has been loaded dynamically (C:\Users\aliih\.gradle\caches\modules-2\files-2.1\net.bytebuddy\byte-buddy-agent\1.14.18\417558ea01fe9f0e8a94af28b9469d281c4e3984\byte-buddy-agent-1.14.18.jar)
WARNING: If a serviceability tool is in use, please run with -XX:+EnableDynamicAgentLoading to hide this warning
WARNING: If a serviceability tool is not in use, please run with -Djdk.instrument.traceUsage for more information
WARNING: Dynamic loading of agents will be disallowed by default in a future release
]]></system-err>
</testsuite>
